2dmoblie2/Library/Bee/Android/Prj/IL2CPP/Gradle/unityLibrary/build/intermediates/manifest_merge_blame_file/release/manifest-merger-blame-release-report.txt
1<?xml version="1.0" encoding="utf-8"?>
2<manifest xmlns:android="http://schemas.android.com/apk/res/android"
3    xmlns:tools="http://schemas.android.com/tools"
4    package="com.unity3d.player"
5    android:versionCode="1"
6    android:versionName="1.0" >
7
8    <uses-sdk
9        android:minSdkVersion="22"
9-->src\main\AndroidManifest.xml
10        android:targetSdkVersion="30" />
10-->src\main\AndroidManifest.xml
11
12    <uses-feature android:glEsVersion="0x00020000" />
12-->src\main\AndroidManifest.xml:18:3-52
12-->src\main\AndroidManifest.xml:18:17-49
13    <uses-feature
13-->src\main\AndroidManifest.xml:19:3-88
14        android:name="android.hardware.touchscreen"
14-->src\main\AndroidManifest.xml:19:17-60
15        android:required="false" />
15-->src\main\AndroidManifest.xml:19:61-85
16
17    <application android:extractNativeLibs="true" >
17-->src\main\AndroidManifest.xml:3:3-17:17
17-->src\main\AndroidManifest.xml:3:16-48
18        <activity
18-->src\main\AndroidManifest.xml:4:5-11:16
19            android:name="com.unity3d.player.UnityPlayerActivity"
19-->src\main\AndroidManifest.xml:4:15-68
20            android:configChanges="mcc|mnc|locale|touchscreen|keyboard|keyboardHidden|navigation|orientation|screenLayout|uiMode|screenSize|smallestScreenSize|fontScale|layoutDirection|density"
20-->src\main\AndroidManifest.xml:4:180-361
21            android:hardwareAccelerated="false"
21-->src\main\AndroidManifest.xml:4:397-432
22            android:launchMode="singleTask"
22-->src\main\AndroidManifest.xml:4:148-179
23            android:resizeableActivity="false"
23-->src\main\AndroidManifest.xml:4:362-396
24            android:screenOrientation="fullUser"
24-->src\main\AndroidManifest.xml:4:111-147
25            android:theme="@style/UnityThemeSelector" >
25-->src\main\AndroidManifest.xml:4:69-110
26            <intent-filter>
26-->src\main\AndroidManifest.xml:5:7-8:23
27                <action android:name="android.intent.action.MAIN" />
27-->src\main\AndroidManifest.xml:6:9-61
27-->src\main\AndroidManifest.xml:6:17-58
28
29                <category android:name="android.intent.category.LAUNCHER" />
29-->src\main\AndroidManifest.xml:7:9-69
29-->src\main\AndroidManifest.xml:7:19-66
30            </intent-filter>
31
32            <meta-data
32-->src\main\AndroidManifest.xml:9:7-82
33                android:name="unityplayer.UnityActivity"
33-->src\main\AndroidManifest.xml:9:18-58
34                android:value="true" />
34-->src\main\AndroidManifest.xml:9:59-79
35            <meta-data
35-->src\main\AndroidManifest.xml:10:7-78
36                android:name="android.notch_support"
36-->src\main\AndroidManifest.xml:10:18-54
37                android:value="true" />
37-->src\main\AndroidManifest.xml:10:55-75
38        </activity>
39
40        <meta-data
40-->src\main\AndroidManifest.xml:12:5-69
41            android:name="unity.splash-mode"
41-->src\main\AndroidManifest.xml:12:16-48
42            android:value="0" />
42-->src\main\AndroidManifest.xml:12:49-66
43        <meta-data
43-->src\main\AndroidManifest.xml:13:5-74
44            android:name="unity.splash-enable"
44-->src\main\AndroidManifest.xml:13:16-50
45            android:value="True" />
45-->src\main\AndroidManifest.xml:13:51-71
46        <meta-data
46-->src\main\AndroidManifest.xml:14:5-78
47            android:name="unity.launch-fullscreen"
47-->src\main\AndroidManifest.xml:14:16-54
48            android:value="True" />
48-->src\main\AndroidManifest.xml:14:55-75
49        <meta-data
49-->src\main\AndroidManifest.xml:15:5-84
50            android:name="unity.allow-resizable-window"
50-->src\main\AndroidManifest.xml:15:16-59
51            android:value="False" />
51-->src\main\AndroidManifest.xml:15:60-81
52        <meta-data
52-->src\main\AndroidManifest.xml:16:5-81
53            android:name="notch.config"
53-->src\main\AndroidManifest.xml:16:16-43
54            android:value="portrait|landscape" />
54-->src\main\AndroidManifest.xml:16:44-78
55    </application>
56
57</manifest>